<?xml version="1.0" encoding="UTF-8"?>
<!-- Generated by org.testng.reporters.JUnitXMLReporter -->
<testsuite ignored="0" hostname="DESKTOP-QBP43O6" failures="0" tests="3" name="Users and Products" time="0.077" errors="0" timestamp="2021-11-14T22:38:56 IST">
  <testcase classname="com.sgtesting.userwithparameter.UserWithParameter" name="createUser" time="0.007"/>
  <testcase classname="com.sgtesting.userwithparameter.UserWithParameter" name="deleteUser" time="0.003"/>
  <testcase classname="com.sgtesting.userwithparameter.UserWithParameter" name="modifyUser" time="0.004"/>
</testsuite> <!-- Users and Products -->
