<?xml version="1.0" encoding="UTF-8"?>
<!-- Generated by org.testng.reporters.JUnitXMLReporter -->
<testsuite ignored="0" hostname="DESKTOP-QBP43O6" failures="0" tests="8" name="Default test" time="40.959" errors="0" timestamp="2021-11-19T16:44:08 IST">
  <testcase classname="com.sgtesting.actitimesenarios.Assignment1" name="launchBrowser" time="7.904"/>
  <testcase classname="com.sgtesting.actitimesenarios.Assignment1" name="navigate" time="2.287"/>
  <testcase classname="com.sgtesting.actitimesenarios.Assignment1" name="login" time="3.902"/>
  <testcase classname="com.sgtesting.actitimesenarios.Assignment1" name="minimizeFlyOutWindow" time="2.226"/>
  <testcase classname="com.sgtesting.actitimesenarios.Assignment1" name="createuser" time="12.971"/>
  <testcase classname="com.sgtesting.actitimesenarios.Assignment1" name="deleteuser" time="7.515"/>
  <testcase classname="com.sgtesting.actitimesenarios.Assignment1" name="logout" time="2.402"/>
  <testcase classname="com.sgtesting.actitimesenarios.Assignment1" name="closeApplication" time="1.662"/>
</testsuite> <!-- Default test -->
