<?xml version="1.0" encoding="UTF-8"?>
<!-- Generated by org.testng.reporters.JUnitXMLReporter -->
<testsuite ignored="0" hostname="DESKTOP-QBP43O6" failures="0" tests="3" name="Products" time="0.022" errors="0" timestamp="2021-11-14T22:50:03 IST">
  <testcase classname="com.sgtesting.tests.products.Products" name="createProduct" time="0.001"/>
  <testcase classname="com.sgtesting.tests.products.Products" name="deleteProduct" time="0.003"/>
  <testcase classname="com.sgtesting.tests.products.Products" name="modifyProduct" time="0.004"/>
</testsuite> <!-- Products -->
