<?xml version="1.0" encoding="UTF-8"?>
<!-- Generated by org.testng.reporters.JUnitXMLReporter -->
<testsuite ignored="0" hostname="DESKTOP-QBP43O6" failures="0" tests="6" name="Users and Products" time="0.087" errors="0" timestamp="2021-11-14T22:42:45 IST">
  <testcase classname="com.sgtesting.tests.users.Users" name="createUser" time="0.007"/>
  <testcase classname="com.sgtesting.tests.users.Users" name="deleteUser" time="0.002"/>
  <testcase classname="com.sgtesting.tests.users.Users" name="modifyUser" time="0.003"/>
  <testcase classname="com.sgtesting.tests.products.Products" name="createProduct" time="0.002"/>
  <testcase classname="com.sgtesting.tests.products.Products" name="deleteProduct" time="0.001"/>
  <testcase classname="com.sgtesting.tests.products.Products" name="modifyProduct" time="0.004"/>
</testsuite> <!-- Users and Products -->
