<?xml version="1.0" encoding="UTF-8"?>
<!-- Generated by org.testng.reporters.JUnitXMLReporter -->
<testsuite ignored="0" hostname="DESKTOP-QBP43O6" failures="0" tests="3" name="Users" time="0.071" errors="0" timestamp="2021-11-14T22:50:03 IST">
  <testcase classname="com.sgtesting.tests.users.Users" name="createUser" time="0.006"/>
  <testcase classname="com.sgtesting.tests.users.Users" name="deleteUser" time="0.003"/>
  <testcase classname="com.sgtesting.tests.users.Users" name="modifyUser" time="0.004"/>
</testsuite> <!-- Users -->
