<?xml version="1.0" encoding="UTF-8"?>
<!-- Generated by org.testng.reporters.JUnitXMLReporter -->
<testsuite ignored="0" hostname="DESKTOP-QBP43O6" failures="1" tests="1" name="ActiTime TestScript" time="0.054" errors="0" timestamp="2021-11-27T19:10:18 IST">
  <testcase classname="com.sgtesting.actitime.driverscript.DriverScript" name="executeTestScenarios" time="0.006">
    <failure type="java.lang.Error" message="Unresolved compilation problem: 
	Initialize cannot be resolved
">
      <![CDATA[java.lang.Error: Unresolved compilation problem: 
Initialize cannot be resolved

at com.sgtesting.actitime.driverscript.DriverScript.executeTestScenarios(DriverScript.java:126)
at java.base/java.util.ArrayList.forEach(ArrayList.java:1511)
... Removed 27 stack frames]]>
    </failure>
  </testcase> <!-- executeTestScenarios -->
</testsuite> <!-- ActiTime TestScript -->
