<?xml version="1.0" encoding="UTF-8"?>
<testng-results ignored="0" total="2" passed="2" failed="0" skipped="0">
  <reporter-output>
  </reporter-output>
  <suite started-at="2021-11-16T13:33:36 IST" name="Default suite" finished-at="2021-11-16T13:33:36 IST" duration-ms="70">
    <groups>
    </groups>
    <test started-at="2021-11-16T13:33:36 IST" name="Default test" finished-at="2021-11-16T13:33:36 IST" duration-ms="70">
      <class name="com.sgtesting.softassertions.AssertSameDemo">
        <test-method signature="assertNotSameDemo()[pri:0, instance:com.sgtesting.softassertions.AssertSameDemo@3e6ef8ad]" started-at="2021-11-16T13:33:36 IST" name="assertNotSameDemo" finished-at="2021-11-16T13:33:36 IST" duration-ms="12" status="PASS">
          <reporter-output>
          </reporter-output>
        </test-method> <!-- assertNotSameDemo -->
        <test-method signature="assertSameDemo()[pri:0, instance:com.sgtesting.softassertions.AssertSameDemo@3e6ef8ad]" started-at="2021-11-16T13:33:36 IST" name="assertSameDemo" finished-at="2021-11-16T13:33:36 IST" duration-ms="4" status="PASS">
          <reporter-output>
          </reporter-output>
        </test-method> <!-- assertSameDemo -->
      </class> <!-- com.sgtesting.softassertions.AssertSameDemo -->
    </test> <!-- Default test -->
  </suite> <!-- Default suite -->
</testng-results>
