<?xml version="1.0" encoding="UTF-8"?>
<!-- Generated by org.testng.reporters.JUnitXMLReporter -->
<testsuite ignored="0" hostname="DESKTOP-QBP43O6" failures="0" tests="6" name="Default test" time="32.172" errors="0" timestamp="2021-11-15T20:13:16 IST">
  <testcase classname="com.sg.Testscript.DataProviderDemo" name="launchBrowser" time="2.745"/>
  <testcase classname="com.sg.Testscript.DataProviderDemo" name="navigate" time="2.254"/>
  <testcase classname="com.sg.Testscript.DataProviderDemo" name="login" time="8.857"/>
  <testcase classname="com.sg.Testscript.DataProviderDemo" name="login" time="8.802"/>
  <testcase classname="com.sg.Testscript.DataProviderDemo" name="login" time="8.95"/>
  <testcase classname="com.sg.Testscript.DataProviderDemo" name="closeApplication" time="0.457"/>
</testsuite> <!-- Default test -->
