<?xml version="1.0" encoding="UTF-8"?>
<!-- Generated by org.testng.reporters.JUnitXMLReporter -->
<testsuite ignored="0" hostname="DESKTOP-QBP43O6" failures="0" tests="2" name="Default test" time="0.055" errors="0" timestamp="2021-11-14T23:32:53 IST">
  <testcase classname="com.sgtesting.tests.annotationssummary.AnnotationsSummary" name="test1_Annotations" time="0.006"/>
  <testcase classname="com.sgtesting.tests.annotationssummary.AnnotationsSummary" name="test2_Annotations" time="0.002"/>
</testsuite> <!-- Default test -->
