<?xml version="1.0" encoding="UTF-8"?>
<!-- Generated by org.testng.reporters.JUnitXMLReporter -->
<testsuite ignored="0" hostname="DESKTOP-QBP43O6" failures="0" tests="2" name="Default test" time="0.07" errors="0" timestamp="2021-11-16T13:33:36 IST">
  <testcase classname="com.sgtesting.softassertions.AssertSameDemo" name="assertNotSameDemo" time="0.012"/>
  <testcase classname="com.sgtesting.softassertions.AssertSameDemo" name="assertSameDemo" time="0.004"/>
</testsuite> <!-- Default test -->
