<?xml version="1.0" encoding="UTF-8"?>
<!-- Generated by org.testng.reporters.JUnitXMLReporter -->
<testsuite ignored="0" hostname="DESKTOP-QBP43O6" failures="0" tests="67" name="Scinarios" time="301.476" errors="0" timestamp="2021-11-17T14:27:49 IST">
  <testcase classname="com.sgtesting.actitimesenarios.Assignment1" name="launchBrowser" time="2.414"/>
  <testcase classname="com.sgtesting.actitimesenarios.Assignment1" name="navigate" time="1.375"/>
  <testcase classname="com.sgtesting.actitimesenarios.Assignment1" name="login" time="4.338"/>
  <testcase classname="com.sgtesting.actitimesenarios.Assignment1" name="minimizeFlyOutWindow" time="2.08"/>
  <testcase classname="com.sgtesting.actitimesenarios.Assignment1" name="createuser" time="14.798"/>
  <testcase classname="com.sgtesting.actitimesenarios.Assignment1" name="deleteuser" time="7.185"/>
  <testcase classname="com.sgtesting.actitimesenarios.Assignment1" name="logout" time="2.289"/>
  <testcase classname="com.sgtesting.actitimesenarios.Assignment1" name="closeApplication" time="1.455"/>
  <testcase classname="com.sgtesting.actitimesenarios.Assignment2" name="launchBrowser" time="1.084"/>
  <testcase classname="com.sgtesting.actitimesenarios.Assignment2" name="navigate" time="2.017"/>
  <testcase classname="com.sgtesting.actitimesenarios.Assignment2" name="login" time="4.29"/>
  <testcase classname="com.sgtesting.actitimesenarios.Assignment2" name="minimizeFlyOutWindow" time="2.095"/>
  <testcase classname="com.sgtesting.actitimesenarios.Assignment2" name="createuser" time="14.864"/>
  <testcase classname="com.sgtesting.actitimesenarios.Assignment2" name="modifyuser" time="7.277"/>
  <testcase classname="com.sgtesting.actitimesenarios.Assignment2" name="deleteuser" time="7.349"/>
  <testcase classname="com.sgtesting.actitimesenarios.Assignment2" name="logout" time="2.276"/>
  <testcase classname="com.sgtesting.actitimesenarios.Assignment2" name="closeApplication" time="1.393"/>
  <testcase classname="com.sgtesting.actitimesenarios.Assignment3" name="launchBrowser" time="1.028"/>
  <testcase classname="com.sgtesting.actitimesenarios.Assignment3" name="navigate" time="1.896"/>
  <testcase classname="com.sgtesting.actitimesenarios.Assignment3" name="login" time="4.307"/>
  <testcase classname="com.sgtesting.actitimesenarios.Assignment3" name="minimizeFlyOutWindow" time="2.101"/>
  <testcase classname="com.sgtesting.actitimesenarios.Assignment3" name="createcustomer" time="6.87"/>
  <testcase classname="com.sgtesting.actitimesenarios.Assignment3" name="deletecustomer" time="8.394"/>
  <testcase classname="com.sgtesting.actitimesenarios.Assignment3" name="logout" time="2.277"/>
  <testcase classname="com.sgtesting.actitimesenarios.Assignment3" name="closeApplication" time="1.35"/>
  <testcase classname="com.sgtesting.actitimesenarios.Assignment4" name="launchBrowser" time="1.115"/>
  <testcase classname="com.sgtesting.actitimesenarios.Assignment4" name="navigate" time="1.692"/>
  <testcase classname="com.sgtesting.actitimesenarios.Assignment4" name="login" time="4.286"/>
  <testcase classname="com.sgtesting.actitimesenarios.Assignment4" name="minimizeFlyOutWindow" time="2.084"/>
  <testcase classname="com.sgtesting.actitimesenarios.Assignment4" name="createcustomer" time="6.874"/>
  <testcase classname="com.sgtesting.actitimesenarios.Assignment4" name="modifycustomer" time="7.61"/>
  <testcase classname="com.sgtesting.actitimesenarios.Assignment4" name="deletecustomer" time="7.253"/>
  <testcase classname="com.sgtesting.actitimesenarios.Assignment4" name="logout" time="2.375"/>
  <testcase classname="com.sgtesting.actitimesenarios.Assignment4" name="closeApplication" time="1.417"/>
  <testcase classname="com.sgtesting.actitimesenarios.Assignment5" name="launchBrowser" time="1.15"/>
  <testcase classname="com.sgtesting.actitimesenarios.Assignment5" name="navigate" time="2.363"/>
  <testcase classname="com.sgtesting.actitimesenarios.Assignment5" name="login" time="4.317"/>
  <testcase classname="com.sgtesting.actitimesenarios.Assignment5" name="minimizeFlyOutWindow" time="2.078"/>
  <testcase classname="com.sgtesting.actitimesenarios.Assignment5" name="createcustomer" time="6.946"/>
  <testcase classname="com.sgtesting.actitimesenarios.Assignment5" name="createproject" time="7.461"/>
  <testcase classname="com.sgtesting.actitimesenarios.Assignment5" name="deleteproject" time="10.385"/>
  <testcase classname="com.sgtesting.actitimesenarios.Assignment5" name="deletecustomer" time="8.341"/>
  <testcase classname="com.sgtesting.actitimesenarios.Assignment5" name="logout" time="2.367"/>
  <testcase classname="com.sgtesting.actitimesenarios.Assignment5" name="closeApplication" time="1.43"/>
  <testcase classname="com.sgtesting.actitimesenarios.Assignment6" name="launchBrowser" time="1.042"/>
  <testcase classname="com.sgtesting.actitimesenarios.Assignment6" name="navigate" time="1.713"/>
  <testcase classname="com.sgtesting.actitimesenarios.Assignment6" name="login" time="4.313"/>
  <testcase classname="com.sgtesting.actitimesenarios.Assignment6" name="minimizeFlyOutWindow" time="2.063"/>
  <testcase classname="com.sgtesting.actitimesenarios.Assignment6" name="createcustomer" time="6.872"/>
  <testcase classname="com.sgtesting.actitimesenarios.Assignment6" name="createproject" time="7.443"/>
  <testcase classname="com.sgtesting.actitimesenarios.Assignment6" name="modifyproject" time="6.45"/>
  <testcase classname="com.sgtesting.actitimesenarios.Assignment6" name="deleteproject" time="10.322"/>
  <testcase classname="com.sgtesting.actitimesenarios.Assignment6" name="deletecustomer" time="8.331"/>
  <testcase classname="com.sgtesting.actitimesenarios.Assignment6" name="logout" time="2.324"/>
  <testcase classname="com.sgtesting.actitimesenarios.Assignment6" name="closeApplication" time="1.456"/>
  <testcase classname="com.sgtesting.actitimesenarios.Assignment7" name="launchBrowser" time="1.09"/>
  <testcase classname="com.sgtesting.actitimesenarios.Assignment7" name="navigate" time="1.689"/>
  <testcase classname="com.sgtesting.actitimesenarios.Assignment7" name="login" time="4.319"/>
  <testcase classname="com.sgtesting.actitimesenarios.Assignment7" name="minimizeFlyOutWindow" time="2.073"/>
  <testcase classname="com.sgtesting.actitimesenarios.Assignment7" name="createcustomer" time="6.914"/>
  <testcase classname="com.sgtesting.actitimesenarios.Assignment7" name="createproject" time="7.435"/>
  <testcase classname="com.sgtesting.actitimesenarios.Assignment7" name="createtask" time="6.343"/>
  <testcase classname="com.sgtesting.actitimesenarios.Assignment7" name="deletetask" time="8.361"/>
  <testcase classname="com.sgtesting.actitimesenarios.Assignment7" name="deleteproject" time="10.343"/>
  <testcase classname="com.sgtesting.actitimesenarios.Assignment7" name="deletecustomer" time="8.33"/>
  <testcase classname="com.sgtesting.actitimesenarios.Assignment7" name="logout" time="2.297"/>
  <testcase classname="com.sgtesting.actitimesenarios.Assignment7" name="closeApplication" time="1.382"/>
</testsuite> <!-- Scinarios -->
