<?xml version="1.0" encoding="UTF-8"?>
<!-- Generated by org.testng.reporters.JUnitXMLReporter -->
<testsuite ignored="3" hostname="DESKTOP-QBP43O6" failures="0" tests="3" name="Tests" time="0.074" errors="0" timestamp="2021-11-15T19:55:13 IST">
  <testcase classname="com.sgtesting.groupsdemo.TestCases" name="method1" time="0.01"/>
  <testcase classname="com.sgtesting.groupsdemo.TestCases" name="method3" time="0.002"/>
  <testcase classname="com.sgtesting.groupsdemo.TestCases" name="method5" time="0.002"/>
  <testcase classname="com.sgtesting.groupsdemo.TestCases" name="method4" time="0.0">
    <ignored/>
  </testcase> <!-- method4 -->
  <testcase classname="com.sgtesting.groupsdemo.TestCases" name="method6" time="0.0">
    <ignored/>
  </testcase> <!-- method6 -->
  <testcase classname="com.sgtesting.groupsdemo.TestCases" name="method2" time="0.0">
    <ignored/>
  </testcase> <!-- method2 -->
</testsuite> <!-- Tests -->
